{"/Users/AoNlMoO/Workspaces/True/hapi-intro/handlers/first-user.js": {"path":"/Users/AoNlMoO/Workspaces/True/hapi-intro/handlers/first-user.js","statementMap":{"0":{"start":{"line":1,"column":13},"end":{"line":1,"column":43}},"1":{"start":{"line":3,"column":0},"end":{"line":12,"column":1}},"2":{"start":{"line":4,"column":24},"end":{"line":4,"column":38}},"3":{"start":{"line":6,"column":4},"end":{"line":8,"column":5}},"4":{"start":{"line":7,"column":8},"end":{"line":7,"column":68}},"5":{"start":{"line":7,"column":43},"end":{"line":7,"column":66}},"6":{"start":{"line":10,"column":4},"end":{"line":10,"column":38}}},"fnMap":{"0":{"name":"(anonymous_0)","decl":{"start":{"line":3,"column":17},"end":{"line":3,"column":18}},"loc":{"start":{"line":3,"column":37},"end":{"line":12,"column":1}},"line":3},"1":{"name":"(anonymous_1)","decl":{"start":{"line":7,"column":25},"end":{"line":7,"column":26}},"loc":{"start":{"line":7,"column":43},"end":{"line":7,"column":66}},"line":7}},"branchMap":{"0":{"loc":{"start":{"line":6,"column":4},"end":{"line":8,"column":5}},"type":"if","locations":[{"start":{"line":6,"column":4},"end":{"line":8,"column":5}},{"start":{"line":6,"column":4},"end":{"line":8,"column":5}}],"line":6}},"s":{"0":1,"1":1,"2":3,"3":3,"4":1,"5":5,"6":3},"f":{"0":3,"1":5},"b":{"0":[1,2]},"_coverageSchema":"332fd63041d2c1bcb487cc26dd0d5f7d97098a6c","hash":"c8356b508de9a83b63687dd5b05ee5d85a182995"}
,"/Users/AoNlMoO/Workspaces/True/hapi-intro/handlers/user-data.js": {"path":"/Users/AoNlMoO/Workspaces/True/hapi-intro/handlers/user-data.js","statementMap":{"0":{"start":{"line":1,"column":13},"end":{"line":1,"column":43}},"1":{"start":{"line":2,"column":11},"end":{"line":2,"column":24}},"2":{"start":{"line":4,"column":0},"end":{"line":18,"column":1}},"3":{"start":{"line":5,"column":22},"end":{"line":5,"column":46}},"4":{"start":{"line":6,"column":21},"end":{"line":6,"column":96}},"5":{"start":{"line":6,"column":44},"end":{"line":6,"column":95}},"6":{"start":{"line":8,"column":17},"end":{"line":8,"column":19}},"7":{"start":{"line":10,"column":4},"end":{"line":14,"column":5}},"8":{"start":{"line":11,"column":8},"end":{"line":11,"column":86}},"9":{"start":{"line":13,"column":8},"end":{"line":13,"column":35}},"10":{"start":{"line":17,"column":4},"end":{"line":17,"column":25}}},"fnMap":{"0":{"name":"(anonymous_0)","decl":{"start":{"line":4,"column":17},"end":{"line":4,"column":18}},"loc":{"start":{"line":4,"column":37},"end":{"line":18,"column":1}},"line":4},"1":{"name":"(anonymous_1)","decl":{"start":{"line":6,"column":36},"end":{"line":6,"column":37}},"loc":{"start":{"line":6,"column":44},"end":{"line":6,"column":95}},"line":6}},"branchMap":{"0":{"loc":{"start":{"line":5,"column":22},"end":{"line":5,"column":46}},"type":"binary-expr","locations":[{"start":{"line":5,"column":22},"end":{"line":5,"column":40}},{"start":{"line":5,"column":44},"end":{"line":5,"column":46}}],"line":5},"1":{"loc":{"start":{"line":10,"column":4},"end":{"line":14,"column":5}},"type":"if","locations":[{"start":{"line":10,"column":4},"end":{"line":14,"column":5}},{"start":{"line":10,"column":4},"end":{"line":14,"column":5}}],"line":10}},"s":{"0":1,"1":1,"2":1,"3":4,"4":4,"5":10,"6":4,"7":4,"8":2,"9":2,"10":4},"f":{"0":4,"1":10},"b":{"0":[4,1],"1":[2,2]},"_coverageSchema":"332fd63041d2c1bcb487cc26dd0d5f7d97098a6c","hash":"fe7c7eb0fba3cfa48ef85e61c10b1ec76a63012e"}
}
