TN:
SF:/Users/AoNlMoO/Workspaces/True/hapi-intro/handlers/first-user.js
FN:3,(anonymous_0)
FN:7,(anonymous_1)
FNF:2
FNH:2
FNDA:3,(anonymous_0)
FNDA:5,(anonymous_1)
DA:1,1
DA:3,1
DA:4,3
DA:6,3
DA:7,5
DA:10,3
LF:6
LH:6
BRDA:6,0,0,1
BRDA:6,0,1,2
BRF:2
BRH:2
end_of_record
TN:
SF:/Users/AoNlMoO/Workspaces/True/hapi-intro/handlers/user-data.js
FN:4,(anonymous_0)
FN:6,(anonymous_1)
FNF:2
FNH:2
FNDA:4,(anonymous_0)
FNDA:10,(anonymous_1)
DA:1,1
DA:2,1
DA:4,1
DA:5,4
DA:6,10
DA:8,4
DA:10,4
DA:11,2
DA:13,2
DA:17,4
LF:10
LH:10
BRDA:5,0,0,4
BRDA:5,0,1,1
BRDA:10,1,0,2
BRDA:10,1,1,2
BRF:4
BRH:4
end_of_record
